C:\USERS\CJ\DOCUMENTS\DATA STRUCT_UMKC\DATA_STRUCT_P2\PROJECT2\PROJECT2\DEBUG\INFIXEVALUATOR.OBJ
C:\USERS\CJ\DOCUMENTS\DATA STRUCT_UMKC\DATA_STRUCT_P2\PROJECT2\PROJECT2\DEBUG\SOURCE.OBJ
C:\USERS\CJ\DOCUMENTS\DATA STRUCT_UMKC\DATA_STRUCT_P2\PROJECT2\PROJECT2\DEBUG\VC110.PDB
C:\USERS\CJ\DOCUMENTS\DATA STRUCT_UMKC\DATA_STRUCT_P2\PROJECT2\DEBUG\PROJECT2.ILK
C:\USERS\CJ\DOCUMENTS\DATA STRUCT_UMKC\DATA_STRUCT_P2\PROJECT2\DEBUG\PROJECT2.EXE
C:\USERS\CJ\DOCUMENTS\DATA STRUCT_UMKC\DATA_STRUCT_P2\PROJECT2\DEBUG\PROJECT2.PDB
C:\Users\CJ\Documents\Data Struct_UMKC\Data_Struct_P2\Project2\Project2\Debug\InfixEvaluator.obj
C:\Users\CJ\Documents\Data Struct_UMKC\Data_Struct_P2\Project2\Project2\Debug\Source.obj
C:\Users\CJ\Documents\Data Struct_UMKC\Data_Struct_P2\Project2\Project2\Debug\cl.command.1.tlog
C:\Users\CJ\Documents\Data Struct_UMKC\Data_Struct_P2\Project2\Project2\Debug\CL.read.1.tlog
C:\Users\CJ\Documents\Data Struct_UMKC\Data_Struct_P2\Project2\Project2\Debug\CL.write.1.tlog
C:\Users\CJ\Documents\Data Struct_UMKC\Data_Struct_P2\Project2\Project2\Debug\link-cvtres.read.1.tlog
C:\Users\CJ\Documents\Data Struct_UMKC\Data_Struct_P2\Project2\Project2\Debug\link-cvtres.write.1.tlog
C:\Users\CJ\Documents\Data Struct_UMKC\Data_Struct_P2\Project2\Project2\Debug\link-rc.read.1.tlog
C:\Users\CJ\Documents\Data Struct_UMKC\Data_Struct_P2\Project2\Project2\Debug\link-rc.write.1.tlog
C:\Users\CJ\Documents\Data Struct_UMKC\Data_Struct_P2\Project2\Project2\Debug\link.command.1.tlog
C:\Users\CJ\Documents\Data Struct_UMKC\Data_Struct_P2\Project2\Project2\Debug\link.read.1.tlog
C:\Users\CJ\Documents\Data Struct_UMKC\Data_Struct_P2\Project2\Project2\Debug\link.write.1.tlog
C:\Users\CJ\Documents\Data Struct_UMKC\Data_Struct_P2\Project2\Project2\Debug\vc110.idb
C:\Users\CJ\Documents\Data Struct_UMKC\Data_Struct_P2\Project2\Project2\Debug\vc110.pdb
C:\Users\CJ\Documents\Data Struct_UMKC\Data_Struct_P2\Project2\Debug\Project2.pdb
C:\Users\CJ\Documents\Data Struct_UMKC\Data_Struct_P2\Project2\Debug\Project2.exe
C:\Users\CJ\Documents\Data Struct_UMKC\Data_Struct_P2\Project2\Debug\Project2.ilk
